# JRE version: OpenJDK Runtime Environment Microsoft-8035246 (17.0.8+7) (build 17.0.8+7-LTS)
# Java VM: OpenJDK 64-Bit Server VM Microsoft-8035246 (17.0.8+7-LTS, mixed mode, sharing, tiered, compressed oops, compressed class ptrs, g1 gc, windows-amd64)
GC Precious Log:
 CPUs: 6 total, 6 available
 Memory: 7549M
 Large Page Support: Disabled
 NUMA Support: Disabled
 Compressed Oops: Enabled (32-bit)
 Heap Region Size: 1M
 Heap Min Capacity: 8M
 Heap Initial Capacity: 118M
 Heap Max Capacity: 2G
 Pre-touch: Disabled
 Parallel Workers: 6
 Concurrent Workers: 2
 Concurrent Refinement Workers: 6
 Periodic GC: Disabled
Heap:
 garbage-first heap   total 96256K, used 70888K [0x0000000080000000, 0x0000000100000000)
  region size 1024K, 20 young (20480K), 2 survivors (2048K)
 Metaspace       used 58965K, committed 59584K, reserved 491520K
  class space    used 8168K, committed 8448K, reserved 425984K
GC Heap History (20 events):
Event: 383.798 GC heap before
{Heap before GC invocations=16 (full 0):
 garbage-first heap   total 87040K, used 68990K [0x0000000080000000, 0x0000000100000000)
  region size 1024K, 24 young (24576K), 2 survivors (2048K)
 Metaspace       used 50020K, committed 50560K, reserved 491520K
  class space    used 6938K, committed 7168K, reserved 425984K
}
Event: 383.802 GC heap after
{Heap after GC invocations=17 (full 0):
 garbage-first heap   total 87040K, used 47428K [0x0000000080000000, 0x0000000100000000)
  region size 1024K, 3 young (3072K), 3 survivors (3072K)
 Metaspace       used 50020K, committed 50560K, reserved 491520K
  class space    used 6938K, committed 7168K, reserved 425984K
}
Event: 385.473 GC heap before
{Heap before GC invocations=17 (full 0):
 garbage-first heap   total 87040K, used 70980K [0x0000000080000000, 0x0000000100000000)
  region size 1024K, 26 young (26624K), 3 survivors (3072K)
 Metaspace       used 52923K, committed 53504K, reserved 491520K
  class space    used 7325K, committed 7616K, reserved 425984K
}
Event: 385.479 GC heap after
{Heap after GC invocations=18 (full 0):
 garbage-first heap   total 87040K, used 49147K [0x0000000080000000, 0x0000000100000000)
  region size 1024K, 3 young (3072K), 3 survivors (3072K)
 Metaspace       used 52923K, committed 53504K, reserved 491520K
  class space    used 7325K, committed 7616K, reserved 425984K
}
Event: 388.944 GC heap before
{Heap before GC invocations=19 (full 0):
 garbage-first heap   total 87040K, used 70651K [0x0000000080000000, 0x0000000100000000)
  region size 1024K, 25 young (25600K), 3 survivors (3072K)
 Metaspace       used 54660K, committed 55296K, reserved 491520K
  class space    used 7541K, committed 7808K, reserved 425984K
}
Event: 389.252 GC heap after
{Heap after GC invocations=20 (full 0):
 garbage-first heap   total 87040K, used 51304K [0x0000000080000000, 0x0000000100000000)
  region size 1024K, 4 young (4096K), 4 survivors (4096K)
 Metaspace       used 54660K, committed 55296K, reserved 491520K
  class space    used 7541K, committed 7808K, reserved 425984K
}
Event: 400.267 GC heap before
{Heap before GC invocations=20 (full 0):
 garbage-first heap   total 87040K, used 70760K [0x0000000080000000, 0x0000000100000000)
  region size 1024K, 23 young (23552K), 4 survivors (4096K)
 Metaspace       used 56690K, committed 57344K, reserved 491520K
  class space    used 7833K, committed 8128K, reserved 425984K
}
Event: 400.274 GC heap after
{Heap after GC invocations=21 (full 0):
 garbage-first heap   total 87040K, used 51682K [0x0000000080000000, 0x0000000100000000)
  region size 1024K, 2 young (2048K), 2 survivors (2048K)
 Metaspace       used 56690K, committed 57344K, reserved 491520K
  class space    used 7833K, committed 8128K, reserved 425984K
}
Event: 402.364 GC heap before
{Heap before GC invocations=22 (full 0):
 garbage-first heap   total 91136K, used 70114K [0x0000000080000000, 0x0000000100000000)
  region size 1024K, 21 young (21504K), 2 survivors (2048K)
 Metaspace       used 57609K, committed 58176K, reserved 491520K
  class space    used 7994K, committed 8256K, reserved 425984K
}
Event: 402.369 GC heap after
{Heap after GC invocations=23 (full 0):
 garbage-first heap   total 91136K, used 52891K [0x0000000080000000, 0x0000000100000000)
  region size 1024K, 3 young (3072K), 3 survivors (3072K)
 Metaspace       used 57609K, committed 58176K, reserved 491520K
  class space    used 7994K, committed 8256K, reserved 425984K
}
Event: 429.933 GC heap before
{Heap before GC invocations=23 (full 0):
 garbage-first heap   total 91136K, used 74395K [0x0000000080000000, 0x0000000100000000)
  region size 1024K, 24 young (24576K), 3 survivors (3072K)
 Metaspace       used 58273K, committed 58880K, reserved 491520K
  class space    used 8091K, committed 8384K, reserved 425984K
}
Event: 429.954 GC heap after
{Heap after GC invocations=24 (full 0):
 garbage-first heap   total 91136K, used 53545K [0x0000000080000000, 0x0000000100000000)
  region size 1024K, 1 young (1024K), 1 survivors (1024K)
 Metaspace       used 58273K, committed 58880K, reserved 491520K
  class space    used 8091K, committed 8384K, reserved 425984K
}
Event: 493.913 GC heap before
{Heap before GC invocations=25 (full 0):
 garbage-first heap   total 92160K, used 76073K [0x0000000080000000, 0x0000000100000000)
  region size 1024K, 23 young (23552K), 1 survivors (1024K)
 Metaspace       used 58306K, committed 58944K, reserved 491520K
  class space    used 8092K, committed 8384K, reserved 425984K
}
Event: 494.239 GC heap after
{Heap after GC invocations=26 (full 0):
 garbage-first heap   total 92160K, used 53563K [0x0000000080000000, 0x0000000100000000)
  region size 1024K, 1 young (1024K), 1 survivors (1024K)
 Metaspace       used 58306K, committed 58944K, reserved 491520K
  class space    used 8092K, committed 8384K, reserved 425984K
}
Event: 502.157 GC heap before
{Heap before GC invocations=26 (full 0):
 garbage-first heap   total 92160K, used 55611K [0x0000000080000000, 0x0000000100000000)
  region size 1024K, 4 young (4096K), 1 survivors (1024K)
 Metaspace       used 58308K, committed 58944K, reserved 491520K
  class space    used 8092K, committed 8384K, reserved 425984K
}
Event: 502.278 GC heap after
{Heap after GC invocations=27 (full 0):
 garbage-first heap   total 92160K, used 53680K [0x0000000080000000, 0x0000000100000000)
  region size 1024K, 1 young (1024K), 1 survivors (1024K)
 Metaspace       used 58308K, committed 58944K, reserved 491520K
  class space    used 8092K, committed 8384K, reserved 425984K
}
Event: 567.672 GC heap before
{Heap before GC invocations=28 (full 0):
 garbage-first heap   total 94208K, used 76208K [0x0000000080000000, 0x0000000100000000)
  region size 1024K, 24 young (24576K), 1 survivors (1024K)
 Metaspace       used 58353K, committed 59008K, reserved 491520K
  class space    used 8092K, committed 8384K, reserved 425984K
}
Event: 567.764 GC heap after
{Heap after GC invocations=29 (full 0):
 garbage-first heap   total 94208K, used 53992K [0x0000000080000000, 0x0000000100000000)
  region size 1024K, 1 young (1024K), 1 survivors (1024K)
 Metaspace       used 58353K, committed 59008K, reserved 491520K
  class space    used 8092K, committed 8384K, reserved 425984K
}
Event: 634.847 GC heap before
{Heap before GC invocations=29 (full 0):
 garbage-first heap   total 94208K, used 79592K [0x0000000080000000, 0x0000000100000000)
  region size 1024K, 26 young (26624K), 1 survivors (1024K)
 Metaspace       used 58415K, committed 59072K, reserved 491520K
  class space    used 8092K, committed 8384K, reserved 425984K
}
Event: 634.940 GC heap after
{Heap after GC invocations=30 (full 0):
 garbage-first heap   total 94208K, used 54504K [0x0000000080000000, 0x0000000100000000)
  region size 1024K, 2 young (2048K), 2 survivors (2048K)
 Metaspace       used 58415K, committed 59072K, reserved 491520K
  class space    used 8092K, committed 8384K, reserved 425984K
}

